{"type":"operationStart","subtype":"render","name":"orders-main","previousOperationId":null,"profileId":"qWJhYydltKpze7zG","timestamp":1644792512334,"id":"bqthdpzdsf1xa64","operationId":"xdra0ic1cbwvdzt"}
{"type":"log","timestamp":1644792512334,"level":"info","message":"Starting rendering request 7 (user: null)","meta":{"rootId":"301urj6v4c28r9u","id":"301urj6v4c28r9u"},"id":"tgsi7ulnaa8mwu2","operationId":"ui26sqmd8eelyik","previousOperationId":"xdra0ic1cbwvdzt"}
{"type":"log","timestamp":1644792512334,"level":"info","message":"Rendering template { name: orders-main, recipe: chrome-image, engine: none, preview: true }","meta":{"rootId":"301urj6v4c28r9u","id":"301urj6v4c28r9u"},"id":"z9cpkqgp1qtr7yw","operationId":"o024f8v91naklxh","previousOperationId":"xdra0ic1cbwvdzt"}
{"type":"log","timestamp":1644792512336,"level":"debug","message":"Data item not defined for this template.","meta":{"rootId":"301urj6v4c28r9u","id":"301urj6v4c28r9u"},"id":"3dqzo26l3eg43fr","operationId":"knh51ig22q96973","previousOperationId":"xdra0ic1cbwvdzt"}
{"type":"log","timestamp":1644792512350,"level":"debug","message":"Executing script orders-script (beforeRender)","meta":{"rootId":"301urj6v4c28r9u","id":"301urj6v4c28r9u"},"id":"5yc3dq83qbqa1pt","operationId":"x6f7nicqutrphft","previousOperationId":"xdra0ic1cbwvdzt"}
{"type":"operationStart","subtype":"scriptsBeforeRender","name":"scripts beforeRender","timestamp":1644792512364,"id":"fgvzxjeat0vaahx","previousEventId":"bqthdpzdsf1xa64","operationId":"3jzs735h0ln5xoq","previousOperationId":"xdra0ic1cbwvdzt"}
{"type":"operationStart","subtype":"script","name":"scripts orders-script","previousOperationId":"3jzs735h0ln5xoq","timestamp":1644792512364,"id":"9vlnji1b7c07v5u","previousEventId":"fgvzxjeat0vaahx","operationId":"cx6wxgn6wnaqy4p"}
{"type":"operationEnd","operationId":"cx6wxgn6wnaqy4p","timestamp":1644792513865,"id":"cmz0votvjmm7ldn","previousEventId":"bqthdpzdsf1xa64","previousOperationId":"xdra0ic1cbwvdzt"}
{"type":"operationEnd","operationId":"3jzs735h0ln5xoq","timestamp":1644792513865,"id":"xcp6yztf2d5vlj5","previousEventId":"cmz0votvjmm7ldn","previousOperationId":"xdra0ic1cbwvdzt"}
{"type":"log","timestamp":1644792513865,"level":"debug","message":"Base url not specified, skipping its injection.","meta":{"rootId":"301urj6v4c28r9u","id":"301urj6v4c28r9u"},"id":"p5t02z8pvgak3y7","operationId":"oe1q9s42lkuh51w","previousOperationId":"3jzs735h0ln5xoq"}
{"type":"operationStart","subtype":"engine","name":"none","timestamp":1644792513865,"id":"n9lx3p2ydk9mlc4","previousEventId":"xcp6yztf2d5vlj5","operationId":"ortlpg66570cg5q","previousOperationId":"3jzs735h0ln5xoq"}
{"type":"log","timestamp":1644792513865,"level":"debug","message":"Rendering engine none","meta":{"rootId":"301urj6v4c28r9u","id":"301urj6v4c28r9u"},"id":"ndctcvjmfl6r6o9","operationId":"tu9f1mj8p7qwbo3","previousOperationId":"ortlpg66570cg5q"}
{"type":"operationEnd","operationId":"ortlpg66570cg5q","timestamp":1644792513887,"id":"dcrmrgb6z984z1n","previousEventId":"n9lx3p2ydk9mlc4","previousOperationId":"ortlpg66570cg5q"}
{"type":"operationStart","subtype":"recipe","name":"chrome-image","timestamp":1644792513888,"id":"tonn9uwoqkpy4f5","previousEventId":"dcrmrgb6z984z1n","operationId":"ozezc20c3hz1aav","previousOperationId":"ortlpg66570cg5q"}
{"type":"log","timestamp":1644792513888,"level":"debug","message":"Executing recipe chrome-image","meta":{"rootId":"301urj6v4c28r9u","id":"301urj6v4c28r9u"},"id":"ons0yka9fasy5i2","operationId":"u4ke2sl5fiu3n9w","previousOperationId":"ozezc20c3hz1aav"}
{"type":"log","timestamp":1644792513893,"level":"debug","message":"Converting with chrome HeadlessChrome/98.0.4758.0 using chrome-pool strategy","meta":{"rootId":"301urj6v4c28r9u","id":"301urj6v4c28r9u"},"id":"id0ymo6wpn32vo7","operationId":"khc3ek1yda0isl9","previousOperationId":"ozezc20c3hz1aav"}
{"type":"log","timestamp":1644792513946,"level":"debug","message":"Page request: GET (document) file:///tmp/jsreport/autocleanup/123eafb8-7e99-4f2b-b578-b63bf97058b3-chrome-image.html","meta":{"rootId":"301urj6v4c28r9u","id":"301urj6v4c28r9u"},"id":"5abflomooriz2rk","operationId":"s4qou7pbge8cxhh","previousOperationId":"ozezc20c3hz1aav"}
{"type":"log","timestamp":1644792513965,"level":"debug","message":"Page request finished: GET (document) file:///tmp/jsreport/autocleanup/123eafb8-7e99-4f2b-b578-b63bf97058b3-chrome-image.html","meta":{"rootId":"301urj6v4c28r9u","id":"301urj6v4c28r9u"},"id":"aajoeg1vd26z30p","operationId":"pvx8f6efp42wcue","previousOperationId":"ozezc20c3hz1aav"}
{"type":"log","timestamp":1644792513969,"level":"debug","message":"Page request: GET (stylesheet) https://cdnjs.cloudflare.com/ajax/libs/metro/4.1.5/css/metro.min.css","meta":{"rootId":"301urj6v4c28r9u","id":"301urj6v4c28r9u"},"id":"1u0gcbfv0r978q5","operationId":"p5d9w4lj55jza9o","previousOperationId":"ozezc20c3hz1aav"}
{"type":"log","timestamp":1644792513970,"level":"debug","message":"Page request: GET (script) https://cdnjs.cloudflare.com/ajax/libs/Chart.js/2.7.2/Chart.min.js","meta":{"rootId":"301urj6v4c28r9u","id":"301urj6v4c28r9u"},"id":"kbfg5xgju30bady","operationId":"kcc9xrcguos8ijg","previousOperationId":"ozezc20c3hz1aav"}
{"type":"log","timestamp":1644792513976,"level":"debug","message":"Page request finished: GET (script) 200 https://cdnjs.cloudflare.com/ajax/libs/Chart.js/2.7.2/Chart.min.js","meta":{"rootId":"301urj6v4c28r9u","id":"301urj6v4c28r9u"},"id":"imspp34cglnvy6q","operationId":"rl3kb869jlig0kh","previousOperationId":"ozezc20c3hz1aav"}
{"type":"log","timestamp":1644792514006,"level":"debug","message":"Page request finished: GET (stylesheet) 200 https://cdnjs.cloudflare.com/ajax/libs/metro/4.1.5/css/metro.min.css","meta":{"rootId":"301urj6v4c28r9u","id":"301urj6v4c28r9u"},"id":"rpbhzw92815b6d3","operationId":"ap0b1gppv9go8vz","previousOperationId":"ozezc20c3hz1aav"}
{"type":"log","timestamp":1644792514011,"level":"warn","message":"Page error: SyntaxError: Unexpected token '{'","meta":{"rootId":"301urj6v4c28r9u","id":"301urj6v4c28r9u"},"id":"7tmkziclpkgk6kl","operationId":"tf8clvxutmhzz40","previousOperationId":"ozezc20c3hz1aav"}
{"type":"log","timestamp":1644792514038,"level":"debug","message":"Running chrome with params {\"timeout\":60000,\"type\":\"png\",\"encoding\":\"binary\"}","meta":{"rootId":"301urj6v4c28r9u","id":"301urj6v4c28r9u"},"id":"lao6hs7hnp9vk79","operationId":"0uq1706t933hjhv","previousOperationId":"ozezc20c3hz1aav"}
{"type":"operationEnd","operationId":"ozezc20c3hz1aav","timestamp":1644792514129,"id":"87avgwxnkwm9kfc","previousEventId":"tonn9uwoqkpy4f5","previousOperationId":"ozezc20c3hz1aav"}
{"type":"log","timestamp":1644792514129,"level":"debug","message":"Skipping pdf utils processing because template is rendered with non-pdf recipe.","meta":{"rootId":"301urj6v4c28r9u","id":"301urj6v4c28r9u"},"id":"mxk11j2jdrxmwve","operationId":"baw2dd5puq7atwi","previousOperationId":"ozezc20c3hz1aav"}
{"type":"log","timestamp":1644792514130,"level":"debug","message":"Skipping storing report.","meta":{"rootId":"301urj6v4c28r9u","id":"301urj6v4c28r9u"},"id":"3ajsn9hxhjnqjvc","operationId":"v4hxrij62oqmivi","previousOperationId":"ozezc20c3hz1aav"}
{"type":"log","timestamp":1644792514130,"level":"info","message":"Rendering request 7 finished in 1796 ms","meta":{"rootId":"301urj6v4c28r9u","id":"301urj6v4c28r9u"},"id":"dudtf8axqd5rqbn","operationId":"ntlllkf50zm7cl2","previousOperationId":"ozezc20c3hz1aav"}
{"type":"operationEnd","subtype":"render","operationId":"xdra0ic1cbwvdzt","timestamp":1644792514130,"id":"l015r494rfrqspo","previousEventId":"87avgwxnkwm9kfc","previousOperationId":"ozezc20c3hz1aav"}
