{"type":"operationStart","subtype":"render","name":"orders-main","previousOperationId":null,"profileId":"HCMW5THF73LO2qw8","timestamp":1644792518598,"id":"zm4tpnpzoqhca0m","operationId":"a5kuajkjrkgd17b"}
{"type":"log","timestamp":1644792518598,"level":"info","message":"Starting rendering request 8 (user: null)","meta":{"rootId":"8q7szdhmy8707sk","id":"8q7szdhmy8707sk"},"id":"ex21oa1beryad68","operationId":"r19vjeipyn29r3d","previousOperationId":"a5kuajkjrkgd17b"}
{"type":"log","timestamp":1644792518598,"level":"info","message":"Rendering template { name: orders-main, recipe: chrome-pdf, engine: none, preview: true }","meta":{"rootId":"8q7szdhmy8707sk","id":"8q7szdhmy8707sk"},"id":"lzq7sjb040vmv2k","operationId":"fbb1nmkrmvksj1e","previousOperationId":"a5kuajkjrkgd17b"}
{"type":"log","timestamp":1644792518600,"level":"debug","message":"Data item not defined for this template.","meta":{"rootId":"8q7szdhmy8707sk","id":"8q7szdhmy8707sk"},"id":"fowqrye9l99xwxg","operationId":"f3grhcu0gzk475v","previousOperationId":"a5kuajkjrkgd17b"}
{"type":"log","timestamp":1644792518605,"level":"debug","message":"Executing script orders-script (beforeRender)","meta":{"rootId":"8q7szdhmy8707sk","id":"8q7szdhmy8707sk"},"id":"5gbvd61leyhesqm","operationId":"d61d904j36eh0m1","previousOperationId":"a5kuajkjrkgd17b"}
{"type":"operationStart","subtype":"scriptsBeforeRender","name":"scripts beforeRender","timestamp":1644792518645,"id":"0di4k2mmpk7z9hf","previousEventId":"zm4tpnpzoqhca0m","operationId":"4f20phd24i6uqkt","previousOperationId":"a5kuajkjrkgd17b"}
{"type":"operationStart","subtype":"script","name":"scripts orders-script","previousOperationId":"4f20phd24i6uqkt","timestamp":1644792518645,"id":"zktacf4yrxgefq9","previousEventId":"0di4k2mmpk7z9hf","operationId":"txtpvhvyu4kyy51"}
{"type":"operationEnd","operationId":"txtpvhvyu4kyy51","timestamp":1644792520160,"id":"r51sc3o4k0j27te","previousEventId":"zm4tpnpzoqhca0m","previousOperationId":"a5kuajkjrkgd17b"}
{"type":"operationEnd","operationId":"4f20phd24i6uqkt","timestamp":1644792520160,"id":"m7svrie61u8f65j","previousEventId":"r51sc3o4k0j27te","previousOperationId":"a5kuajkjrkgd17b"}
{"type":"log","timestamp":1644792520160,"level":"debug","message":"Base url not specified, skipping its injection.","meta":{"rootId":"8q7szdhmy8707sk","id":"8q7szdhmy8707sk"},"id":"5alucrrh02x5d4w","operationId":"ecq0nylrahf3tpq","previousOperationId":"4f20phd24i6uqkt"}
{"type":"operationStart","subtype":"engine","name":"none","timestamp":1644792520161,"id":"06d12015vf60znw","previousEventId":"m7svrie61u8f65j","operationId":"ywieklj3pmfxl8a","previousOperationId":"4f20phd24i6uqkt"}
{"type":"log","timestamp":1644792520161,"level":"debug","message":"Rendering engine none","meta":{"rootId":"8q7szdhmy8707sk","id":"8q7szdhmy8707sk"},"id":"ecvad8j3q6lb54h","operationId":"pyb3lsyudpl4jci","previousOperationId":"ywieklj3pmfxl8a"}
{"type":"operationEnd","operationId":"ywieklj3pmfxl8a","timestamp":1644792520181,"id":"0yb7ai4oz7v4l40","previousEventId":"06d12015vf60znw","previousOperationId":"ywieklj3pmfxl8a"}
{"type":"operationStart","subtype":"recipe","name":"chrome-pdf","timestamp":1644792520181,"id":"7d0bymd9dr7heog","previousEventId":"0yb7ai4oz7v4l40","operationId":"isro4ecugp2e1jz","previousOperationId":"ywieklj3pmfxl8a"}
{"type":"log","timestamp":1644792520181,"level":"debug","message":"Executing recipe chrome-pdf","meta":{"rootId":"8q7szdhmy8707sk","id":"8q7szdhmy8707sk"},"id":"oa74xl8iomasp84","operationId":"8txwb39zqm8ang9","previousOperationId":"isro4ecugp2e1jz"}
{"type":"log","timestamp":1644792520183,"level":"debug","message":"Converting with chrome HeadlessChrome/98.0.4758.0 using chrome-pool strategy","meta":{"rootId":"8q7szdhmy8707sk","id":"8q7szdhmy8707sk"},"id":"kyuaw5qw7o5co15","operationId":"gzd6eqozlmws8gt","previousOperationId":"isro4ecugp2e1jz"}
{"type":"log","timestamp":1644792520284,"level":"debug","message":"Page request: GET (document) file:///tmp/jsreport/autocleanup/c55399b6-4369-4752-82e1-6777b1f0007c-chrome-pdf.html","meta":{"rootId":"8q7szdhmy8707sk","id":"8q7szdhmy8707sk"},"id":"nw1smomgkw7dj3w","operationId":"uu9a0wz4duu2mlh","previousOperationId":"isro4ecugp2e1jz"}
{"type":"log","timestamp":1644792520308,"level":"debug","message":"Page request finished: GET (document) file:///tmp/jsreport/autocleanup/c55399b6-4369-4752-82e1-6777b1f0007c-chrome-pdf.html","meta":{"rootId":"8q7szdhmy8707sk","id":"8q7szdhmy8707sk"},"id":"vrrj0kkw9ue4ckj","operationId":"s02ahzv5hcqdx72","previousOperationId":"isro4ecugp2e1jz"}
{"type":"log","timestamp":1644792520309,"level":"debug","message":"Page request: GET (stylesheet) https://cdnjs.cloudflare.com/ajax/libs/metro/4.1.5/css/metro.min.css","meta":{"rootId":"8q7szdhmy8707sk","id":"8q7szdhmy8707sk"},"id":"h7qvgfahtagupzf","operationId":"hxqgo9xwj56v5dm","previousOperationId":"isro4ecugp2e1jz"}
{"type":"log","timestamp":1644792520310,"level":"debug","message":"Page request: GET (script) https://cdnjs.cloudflare.com/ajax/libs/Chart.js/2.7.2/Chart.min.js","meta":{"rootId":"8q7szdhmy8707sk","id":"8q7szdhmy8707sk"},"id":"34ytcibz41qkn2m","operationId":"9vaf50nnngbj3g4","previousOperationId":"isro4ecugp2e1jz"}
{"type":"log","timestamp":1644792520319,"level":"debug","message":"Page request finished: GET (script) 200 https://cdnjs.cloudflare.com/ajax/libs/Chart.js/2.7.2/Chart.min.js","meta":{"rootId":"8q7szdhmy8707sk","id":"8q7szdhmy8707sk"},"id":"o6p76ohq7aqsf6w","operationId":"1lpyobxamp1d575","previousOperationId":"isro4ecugp2e1jz"}
{"type":"log","timestamp":1644792520349,"level":"debug","message":"Page request finished: GET (stylesheet) 200 https://cdnjs.cloudflare.com/ajax/libs/metro/4.1.5/css/metro.min.css","meta":{"rootId":"8q7szdhmy8707sk","id":"8q7szdhmy8707sk"},"id":"htu55kwqsw3e85i","operationId":"twfrlxuxlu51ayx","previousOperationId":"isro4ecugp2e1jz"}
{"type":"log","timestamp":1644792520362,"level":"warn","message":"Page error: SyntaxError: Unexpected token '{'","meta":{"rootId":"8q7szdhmy8707sk","id":"8q7szdhmy8707sk"},"id":"nph1qsrapt4k0un","operationId":"e4igu49oned4obu","previousOperationId":"isro4ecugp2e1jz"}
{"type":"log","timestamp":1644792520397,"level":"debug","message":"Running chrome with params {\"printBackground\":true,\"marginTop\":\"4cm\",\"marginRight\":\"1.5cm\",\"marginBottom\":\"1.5cm\",\"marginLeft\":\"1.5cm\",\"waitForJS\":false,\"timeout\":60000,\"margin\":{\"top\":\"4cm\",\"right\":\"1.5cm\",\"bottom\":\"1.5cm\",\"left\":\"1.5cm\"}}","meta":{"rootId":"8q7szdhmy8707sk","id":"8q7szdhmy8707sk"},"id":"t4riomr3bjhdmmu","operationId":"y2dnsxd2j21669c","previousOperationId":"isro4ecugp2e1jz"}
{"type":"operationEnd","operationId":"isro4ecugp2e1jz","timestamp":1644792520528,"id":"lhjncocjvc7afkh","previousEventId":"7d0bymd9dr7heog","previousOperationId":"isro4ecugp2e1jz"}
{"type":"log","timestamp":1644792520528,"level":"info","message":"pdf-utils is starting pdf processing","meta":{"rootId":"8q7szdhmy8707sk","id":"8q7szdhmy8707sk"},"id":"qnhxu7bhqcuqi6m","operationId":"w5ji1nfwb937yr2","previousOperationId":"isro4ecugp2e1jz"}
{"type":"operationStart","subtype":"pdfUtils","name":"pdf utils","timestamp":1644792520529,"id":"hunznifrp2l634p","previousEventId":"lhjncocjvc7afkh","operationId":"ej1kpffhkv1vqo2","previousOperationId":"isro4ecugp2e1jz"}
{"type":"log","timestamp":1644792520529,"level":"debug","message":"pdf-utils detected 1 pdf operation(s) to process","meta":{"rootId":"8q7szdhmy8707sk","id":"8q7szdhmy8707sk"},"id":"y4fyefkl8bvswhq","operationId":"3022sfwezmdmw3y","previousOperationId":"ej1kpffhkv1vqo2"}
{"type":"log","timestamp":1644792520564,"level":"debug","message":"pdf-utils running pdf operation merge","meta":{"rootId":"8q7szdhmy8707sk","id":"8q7szdhmy8707sk"},"id":"1g6z4qnunyq8vnl","operationId":"vsp5u6qmne6i1w2","previousOperationId":"ej1kpffhkv1vqo2"}
{"type":"operationStart","subtype":"pdfUtilsMerge","name":"pdf utils merge","previousOperationId":"ej1kpffhkv1vqo2","timestamp":1644792520564,"id":"402mxqfm67oaipq","previousEventId":"hunznifrp2l634p","operationId":"iuey70hnfb8s8th"}
{"type":"operationStart","subtype":"render","name":"orders-header","previousOperationId":"iuey70hnfb8s8th","timestamp":1644792520565,"id":"g9mkn8cstzytyak","previousEventId":"402mxqfm67oaipq","operationId":"717ddqvrkgc1ghj"}
{"type":"log","timestamp":1644792520565,"level":"info","message":"Starting rendering request 9 (user: null)","meta":{"rootId":"8q7szdhmy8707sk","id":"vwnwmtu9eba7f0s"},"id":"t90f2wko964x2fj","operationId":"j09rti7hf28x85t","previousOperationId":"717ddqvrkgc1ghj"}
{"type":"log","timestamp":1644792520565,"level":"info","message":"Rendering template { name: orders-header, recipe: chrome-pdf, engine: handlebars, preview: true }","meta":{"rootId":"8q7szdhmy8707sk","id":"vwnwmtu9eba7f0s"},"id":"wtrnmepri37pn40","operationId":"bc8s7npclymknqq","previousOperationId":"717ddqvrkgc1ghj"}
{"type":"log","timestamp":1644792520572,"level":"debug","message":"Inline data specified.","meta":{"rootId":"8q7szdhmy8707sk","id":"vwnwmtu9eba7f0s"},"id":"ymuk2v5dt19j8ec","operationId":"94fn4h082o3jztj","previousOperationId":"717ddqvrkgc1ghj"}
{"type":"log","timestamp":1644792520579,"level":"debug","message":"Base url not specified, skipping its injection.","meta":{"rootId":"8q7szdhmy8707sk","id":"vwnwmtu9eba7f0s"},"id":"dcsz8lovfossm57","operationId":"q32pgbzxb9a8gcj","previousOperationId":"717ddqvrkgc1ghj"}
{"type":"operationStart","subtype":"engine","name":"handlebars","timestamp":1644792520579,"id":"51bpmpv3dp9g8dp","previousEventId":"g9mkn8cstzytyak","operationId":"ynjttq8i9fsni5j","previousOperationId":"717ddqvrkgc1ghj"}
{"type":"log","timestamp":1644792520579,"level":"debug","message":"Rendering engine handlebars","meta":{"rootId":"8q7szdhmy8707sk","id":"vwnwmtu9eba7f0s"},"id":"hd0u6yr04bhvvd1","operationId":"pb5xznt77v5ucnk","previousOperationId":"ynjttq8i9fsni5j"}
{"type":"operationEnd","operationId":"ynjttq8i9fsni5j","timestamp":1644792520632,"id":"9finwh7igg6eyif","previousEventId":"51bpmpv3dp9g8dp","previousOperationId":"ynjttq8i9fsni5j"}
{"type":"operationStart","subtype":"recipe","name":"chrome-pdf","timestamp":1644792520633,"id":"z4schtzbt7tip2f","previousEventId":"9finwh7igg6eyif","operationId":"k8yx9hbn9vk6ezc","previousOperationId":"ynjttq8i9fsni5j"}
{"type":"log","timestamp":1644792520633,"level":"debug","message":"Executing recipe chrome-pdf","meta":{"rootId":"8q7szdhmy8707sk","id":"vwnwmtu9eba7f0s"},"id":"7vq7d84a2e3i1rc","operationId":"diwqw0nwttdt4b1","previousOperationId":"k8yx9hbn9vk6ezc"}
{"type":"log","timestamp":1644792520634,"level":"debug","message":"Converting with chrome HeadlessChrome/98.0.4758.0 using chrome-pool strategy","meta":{"rootId":"8q7szdhmy8707sk","id":"vwnwmtu9eba7f0s"},"id":"dcsiwp3lpq88kzh","operationId":"hk0c9tpy4787bhx","previousOperationId":"k8yx9hbn9vk6ezc"}
{"type":"log","timestamp":1644792520714,"level":"debug","message":"Page request: GET (document) file:///tmp/jsreport/autocleanup/9e09ec23-58a4-4cae-955a-768a8805f11e-chrome-pdf.html","meta":{"rootId":"8q7szdhmy8707sk","id":"vwnwmtu9eba7f0s"},"id":"v7kr0xgw2vqc5ve","operationId":"vdi9i2esab6g3dy","previousOperationId":"k8yx9hbn9vk6ezc"}
{"type":"log","timestamp":1644792520742,"level":"debug","message":"Page request finished: GET (document) file:///tmp/jsreport/autocleanup/9e09ec23-58a4-4cae-955a-768a8805f11e-chrome-pdf.html","meta":{"rootId":"8q7szdhmy8707sk","id":"vwnwmtu9eba7f0s"},"id":"vezhwlcml2xksps","operationId":"acdhigoyc2tb3wu","previousOperationId":"k8yx9hbn9vk6ezc"}
{"type":"log","timestamp":1644792520744,"level":"debug","message":"Page request: GET (stylesheet) https://cdnjs.cloudflare.com/ajax/libs/metro/4.1.5/css/metro.min.css","meta":{"rootId":"8q7szdhmy8707sk","id":"vwnwmtu9eba7f0s"},"id":"be7xafhudaitu2o","operationId":"h57nl1tgaoxn7tz","previousOperationId":"k8yx9hbn9vk6ezc"}
{"type":"log","timestamp":1644792520786,"level":"debug","message":"Page request finished: GET (stylesheet) 200 https://cdnjs.cloudflare.com/ajax/libs/metro/4.1.5/css/metro.min.css","meta":{"rootId":"8q7szdhmy8707sk","id":"vwnwmtu9eba7f0s"},"id":"hb305xnxx651zp9","operationId":"tvs4lt6y6czndap","previousOperationId":"k8yx9hbn9vk6ezc"}
{"type":"log","timestamp":1644792520807,"level":"debug","message":"Running chrome with params {\"printBackground\":true,\"marginTop\":\"1.5cm\",\"marginRight\":\"1.5cm\",\"marginLeft\":\"1.cm\",\"timeout\":60000,\"margin\":{\"top\":\"1.5cm\",\"right\":\"1.5cm\",\"left\":\"1.cm\"}}","meta":{"rootId":"8q7szdhmy8707sk","id":"vwnwmtu9eba7f0s"},"id":"6jgzj5b8o2dzsl1","operationId":"nw3nfha0mj9bgpy","previousOperationId":"k8yx9hbn9vk6ezc"}
{"type":"operationEnd","operationId":"k8yx9hbn9vk6ezc","timestamp":1644792520916,"id":"8srvoqa9a6tkibw","previousEventId":"z4schtzbt7tip2f","previousOperationId":"k8yx9hbn9vk6ezc"}
{"type":"log","timestamp":1644792520916,"level":"debug","message":"Skipping storing report.","meta":{"rootId":"8q7szdhmy8707sk","id":"vwnwmtu9eba7f0s"},"id":"zuyay929k2k9tkp","operationId":"nhdxw1inze97eyr","previousOperationId":"k8yx9hbn9vk6ezc"}
{"type":"log","timestamp":1644792520917,"level":"info","message":"Rendering request 9 finished in 352 ms","meta":{"rootId":"8q7szdhmy8707sk","id":"vwnwmtu9eba7f0s"},"id":"0xxgm3vayqg6cwt","operationId":"6xkswfeoipt2pq6","previousOperationId":"k8yx9hbn9vk6ezc"}
{"type":"operationEnd","subtype":"render","operationId":"717ddqvrkgc1ghj","timestamp":1644792520917,"id":"gffig80j8to5eda","previousEventId":"8srvoqa9a6tkibw","previousOperationId":"k8yx9hbn9vk6ezc"}
{"type":"operationEnd","operationId":"iuey70hnfb8s8th","timestamp":1644792520936,"id":"lkpqw524wgh99fo","previousEventId":"402mxqfm67oaipq","previousOperationId":"iuey70hnfb8s8th"}
{"type":"log","timestamp":1644792520936,"level":"debug","message":"pdf-utils postproces start","meta":{"rootId":"8q7szdhmy8707sk","id":"8q7szdhmy8707sk"},"id":"44goz78h98gzd2s","operationId":"900g8s37jcvu1ls","previousOperationId":"iuey70hnfb8s8th"}
{"type":"log","timestamp":1644792520950,"level":"debug","message":"pdf-utils postproces end","meta":{"rootId":"8q7szdhmy8707sk","id":"8q7szdhmy8707sk"},"id":"0cw1kii3dqys6ep","operationId":"wv8gob157xsmxlv","previousOperationId":"iuey70hnfb8s8th"}
{"type":"operationEnd","operationId":"ej1kpffhkv1vqo2","timestamp":1644792520951,"id":"qr7fy6wrtvnttfl","previousEventId":"lkpqw524wgh99fo","previousOperationId":"iuey70hnfb8s8th"}
{"type":"log","timestamp":1644792520951,"level":"info","message":"pdf-utils pdf processing was finished","meta":{"rootId":"8q7szdhmy8707sk","id":"8q7szdhmy8707sk"},"id":"bxuqbtcm5shv9if","operationId":"err78fl6skv9628","previousOperationId":"ej1kpffhkv1vqo2"}
{"type":"log","timestamp":1644792520951,"level":"debug","message":"Skipping storing report.","meta":{"rootId":"8q7szdhmy8707sk","id":"8q7szdhmy8707sk"},"id":"2dtgwbw8v4ee385","operationId":"5xedu6ubydwzffb","previousOperationId":"ej1kpffhkv1vqo2"}
{"type":"log","timestamp":1644792520951,"level":"info","message":"Rendering request 8 finished in 2353 ms","meta":{"rootId":"8q7szdhmy8707sk","id":"8q7szdhmy8707sk"},"id":"noehvxxe48tuv0v","operationId":"460lro86f80uaq0","previousOperationId":"ej1kpffhkv1vqo2"}
{"type":"operationEnd","subtype":"render","operationId":"a5kuajkjrkgd17b","timestamp":1644792520951,"id":"h4j024zdsjjkvwu","previousEventId":"qr7fy6wrtvnttfl","previousOperationId":"ej1kpffhkv1vqo2"}
