{"type":"operationStart","subtype":"render","name":"orders-main","previousOperationId":null,"profileId":"Zr8VCzbxamuRPe27","timestamp":1644792501327,"id":"9k3unfpbwkg6j7w","operationId":"yd89rovgulmvmdt"}
{"type":"log","timestamp":1644792501327,"level":"info","message":"Starting rendering request 6 (user: null)","meta":{"rootId":"9sq6ermv1izasbv","id":"9sq6ermv1izasbv"},"id":"kdpi7rkavca4p7q","operationId":"mp5yw013hotvq2i","previousOperationId":"yd89rovgulmvmdt"}
{"type":"log","timestamp":1644792501327,"level":"info","message":"Rendering template { name: orders-main, recipe: html, engine: none, preview: true }","meta":{"rootId":"9sq6ermv1izasbv","id":"9sq6ermv1izasbv"},"id":"vtx9py8mlvj70w4","operationId":"29b5eb5rs2crbfx","previousOperationId":"yd89rovgulmvmdt"}
{"type":"log","timestamp":1644792501337,"level":"debug","message":"Data item not defined for this template.","meta":{"rootId":"9sq6ermv1izasbv","id":"9sq6ermv1izasbv"},"id":"deorc61kn53c32w","operationId":"cyl455tstjd13nn","previousOperationId":"yd89rovgulmvmdt"}
{"type":"log","timestamp":1644792501358,"level":"debug","message":"Executing script orders-script (beforeRender)","meta":{"rootId":"9sq6ermv1izasbv","id":"9sq6ermv1izasbv"},"id":"ncxedzqqya5zvfq","operationId":"2krpnv8b3yslrz2","previousOperationId":"yd89rovgulmvmdt"}
{"type":"operationStart","subtype":"scriptsBeforeRender","name":"scripts beforeRender","timestamp":1644792501373,"id":"k74vr1wktw3nznv","previousEventId":"9k3unfpbwkg6j7w","operationId":"a2w5n6kolgxmht6","previousOperationId":"yd89rovgulmvmdt"}
{"type":"operationStart","subtype":"script","name":"scripts orders-script","previousOperationId":"a2w5n6kolgxmht6","timestamp":1644792501373,"id":"2xjff3nfb2oh3h8","previousEventId":"k74vr1wktw3nznv","operationId":"oqxdewicy18bttu"}
{"type":"operationEnd","operationId":"oqxdewicy18bttu","timestamp":1644792502959,"id":"l9hd5n3h97wwuda","previousEventId":"9k3unfpbwkg6j7w","previousOperationId":"yd89rovgulmvmdt"}
{"type":"operationEnd","operationId":"a2w5n6kolgxmht6","timestamp":1644792502959,"id":"ob0yumn9nfjfinp","previousEventId":"l9hd5n3h97wwuda","previousOperationId":"yd89rovgulmvmdt"}
{"type":"log","timestamp":1644792502959,"level":"debug","message":"Base url not specified, skipping its injection.","meta":{"rootId":"9sq6ermv1izasbv","id":"9sq6ermv1izasbv"},"id":"sdc8g3oaudhv80y","operationId":"a9m5yo0u41jfaja","previousOperationId":"a2w5n6kolgxmht6"}
{"type":"operationStart","subtype":"engine","name":"none","timestamp":1644792502959,"id":"vag0pp1rxcx8mvv","previousEventId":"ob0yumn9nfjfinp","operationId":"use2e88q6m21s62","previousOperationId":"a2w5n6kolgxmht6"}
{"type":"log","timestamp":1644792502959,"level":"debug","message":"Rendering engine none","meta":{"rootId":"9sq6ermv1izasbv","id":"9sq6ermv1izasbv"},"id":"09ivqdk032hwelx","operationId":"6uyglk9ieznipsr","previousOperationId":"use2e88q6m21s62"}
{"type":"operationEnd","operationId":"use2e88q6m21s62","timestamp":1644792502985,"id":"eimzh0ccdr0p39s","previousEventId":"vag0pp1rxcx8mvv","previousOperationId":"use2e88q6m21s62"}
{"type":"operationStart","subtype":"recipe","name":"html","timestamp":1644792502985,"id":"nxwm0dclh4q9uhd","previousEventId":"eimzh0ccdr0p39s","operationId":"i8gcodq3p9paj48","previousOperationId":"use2e88q6m21s62"}
{"type":"log","timestamp":1644792502985,"level":"debug","message":"Executing recipe html","meta":{"rootId":"9sq6ermv1izasbv","id":"9sq6ermv1izasbv"},"id":"cwdxgy595fzznt9","operationId":"cih2izpodnahdv4","previousOperationId":"i8gcodq3p9paj48"}
{"type":"operationEnd","operationId":"i8gcodq3p9paj48","timestamp":1644792502985,"id":"rv033ti7guaibmt","previousEventId":"nxwm0dclh4q9uhd","previousOperationId":"i8gcodq3p9paj48"}
{"type":"log","timestamp":1644792502985,"level":"debug","message":"Skipping pdf utils processing because template is rendered with non-pdf recipe.","meta":{"rootId":"9sq6ermv1izasbv","id":"9sq6ermv1izasbv"},"id":"pqmlkm47jdyhx1s","operationId":"urt8q4wz6jb6e31","previousOperationId":"i8gcodq3p9paj48"}
{"type":"log","timestamp":1644792502985,"level":"debug","message":"Skipping storing report.","meta":{"rootId":"9sq6ermv1izasbv","id":"9sq6ermv1izasbv"},"id":"zutwbayn6va6q16","operationId":"6jvm2a64he5iglq","previousOperationId":"i8gcodq3p9paj48"}
{"type":"log","timestamp":1644792502986,"level":"info","message":"Rendering request 6 finished in 1659 ms","meta":{"rootId":"9sq6ermv1izasbv","id":"9sq6ermv1izasbv"},"id":"ozvirwetm321jrz","operationId":"bmqdqctnf6u6t4t","previousOperationId":"i8gcodq3p9paj48"}
{"type":"operationEnd","subtype":"render","operationId":"yd89rovgulmvmdt","timestamp":1644792502986,"id":"na46dtmkq8macs0","previousEventId":"rv033ti7guaibmt","previousOperationId":"i8gcodq3p9paj48"}
