{"type":"operationStart","subtype":"render","name":"orders-main","previousOperationId":null,"profileId":"W1mCFkzK5A7ZkkwQ","timestamp":1644792372406,"id":"20o8uaecuo22u21","operationId":"bkr4cjjknqpuiqg"}
{"type":"log","timestamp":1644792372406,"level":"info","message":"Starting rendering request 2 (user: null)","meta":{"rootId":"jkaorcichko9pfl","id":"jkaorcichko9pfl"},"id":"ns3xr3qoovlrrbm","operationId":"478r9df1khdfkcw","previousOperationId":"bkr4cjjknqpuiqg"}
{"type":"log","timestamp":1644792372407,"level":"info","message":"Rendering template { name: orders-main, recipe: chrome-pdf, engine: handlebars, preview: true }","meta":{"rootId":"jkaorcichko9pfl","id":"jkaorcichko9pfl"},"id":"pd5s6xhcuqr3s9r","operationId":"sbs31p90rvenelu","previousOperationId":"bkr4cjjknqpuiqg"}
{"type":"log","timestamp":1644792372409,"level":"debug","message":"Data item not defined for this template.","meta":{"rootId":"jkaorcichko9pfl","id":"jkaorcichko9pfl"},"id":"fbytwvco9gmyx83","operationId":"9dwid4sgcmsy427","previousOperationId":"bkr4cjjknqpuiqg"}
{"type":"log","timestamp":1644792372415,"level":"debug","message":"Executing script orders-script (beforeRender)","meta":{"rootId":"jkaorcichko9pfl","id":"jkaorcichko9pfl"},"id":"vrcrs8hzg2lqhfh","operationId":"9brwz1aqz2d1ptt","previousOperationId":"bkr4cjjknqpuiqg"}
{"type":"operationStart","subtype":"scriptsBeforeRender","name":"scripts beforeRender","timestamp":1644792372471,"id":"l7sbl11m4qlmtsi","previousEventId":"20o8uaecuo22u21","operationId":"90w1sgl6kw369st","previousOperationId":"bkr4cjjknqpuiqg"}
{"type":"operationStart","subtype":"script","name":"scripts orders-script","previousOperationId":"90w1sgl6kw369st","timestamp":1644792372471,"id":"hr8vnhbgyw02vsn","previousEventId":"l7sbl11m4qlmtsi","operationId":"7xj33hkxziwvcwr"}
{"type":"operationEnd","operationId":"7xj33hkxziwvcwr","timestamp":1644792374784,"id":"0grd5uetsta71zx","previousEventId":"20o8uaecuo22u21","previousOperationId":"bkr4cjjknqpuiqg"}
{"type":"operationEnd","operationId":"90w1sgl6kw369st","timestamp":1644792374784,"id":"kz74ytytoksslmt","previousEventId":"0grd5uetsta71zx","previousOperationId":"bkr4cjjknqpuiqg"}
{"type":"log","timestamp":1644792374784,"level":"debug","message":"Base url not specified, skipping its injection.","meta":{"rootId":"jkaorcichko9pfl","id":"jkaorcichko9pfl"},"id":"orej5te9ymf4c8g","operationId":"21wu2bjye0w6pnm","previousOperationId":"90w1sgl6kw369st"}
{"type":"operationStart","subtype":"engine","name":"handlebars","timestamp":1644792374785,"id":"m8iykvq9gq62p7p","previousEventId":"kz74ytytoksslmt","operationId":"dmlvlvcv7l5gn3w","previousOperationId":"90w1sgl6kw369st"}
{"type":"log","timestamp":1644792374785,"level":"debug","message":"Rendering engine handlebars","meta":{"rootId":"jkaorcichko9pfl","id":"jkaorcichko9pfl"},"id":"7965nsc9yjdjhv2","operationId":"u1c3w13on36qmo9","previousOperationId":"dmlvlvcv7l5gn3w"}
{"type":"log","timestamp":1644792374969,"level":"debug","message":"Pdf utils adding group field, value: \"France\"","meta":{"rootId":"jkaorcichko9pfl","id":"jkaorcichko9pfl"},"id":"ipu3v40c221gxrh","operationId":"p2b0njq0d5cpkqa","previousOperationId":"dmlvlvcv7l5gn3w"}
{"type":"log","timestamp":1644792374974,"level":"debug","message":"Pdf utils adding group field, value: \"Germany\"","meta":{"rootId":"jkaorcichko9pfl","id":"jkaorcichko9pfl"},"id":"c5jf2igvlpzvgz4","operationId":"7zywp1f1h29rbzw","previousOperationId":"dmlvlvcv7l5gn3w"}
{"type":"operationEnd","operationId":"dmlvlvcv7l5gn3w","timestamp":1644792374979,"id":"eh4rdga9suos5wo","previousEventId":"m8iykvq9gq62p7p","previousOperationId":"dmlvlvcv7l5gn3w"}
{"type":"operationStart","subtype":"recipe","name":"chrome-pdf","timestamp":1644792374980,"id":"h440kjrx2dc5kd4","previousEventId":"eh4rdga9suos5wo","operationId":"zfsadrbp8wywipb","previousOperationId":"dmlvlvcv7l5gn3w"}
{"type":"log","timestamp":1644792374980,"level":"debug","message":"Executing recipe chrome-pdf","meta":{"rootId":"jkaorcichko9pfl","id":"jkaorcichko9pfl"},"id":"5zmagy90pyqdfti","operationId":"7ov5o9gboi02gn9","previousOperationId":"zfsadrbp8wywipb"}
{"type":"log","timestamp":1644792374984,"level":"debug","message":"Converting with chrome HeadlessChrome/98.0.4758.0 using chrome-pool strategy","meta":{"rootId":"jkaorcichko9pfl","id":"jkaorcichko9pfl"},"id":"vtudoimtoi6zjz6","operationId":"oa15zywg1e0n4c8","previousOperationId":"zfsadrbp8wywipb"}
{"type":"log","timestamp":1644792375047,"level":"debug","message":"Page request: GET (document) file:///tmp/jsreport/autocleanup/fca40fef-c229-49a2-919b-77a30f815b23-chrome-pdf.html","meta":{"rootId":"jkaorcichko9pfl","id":"jkaorcichko9pfl"},"id":"av6lgdnm83q1in5","operationId":"n1mja3ewfj4e4nf","previousOperationId":"zfsadrbp8wywipb"}
{"type":"log","timestamp":1644792375078,"level":"debug","message":"Page request finished: GET (document) file:///tmp/jsreport/autocleanup/fca40fef-c229-49a2-919b-77a30f815b23-chrome-pdf.html","meta":{"rootId":"jkaorcichko9pfl","id":"jkaorcichko9pfl"},"id":"x8va3b8vhkglu3k","operationId":"jjucyt6evbhyywm","previousOperationId":"zfsadrbp8wywipb"}
{"type":"log","timestamp":1644792375084,"level":"debug","message":"Page request: GET (stylesheet) https://cdnjs.cloudflare.com/ajax/libs/metro/4.1.5/css/metro.min.css","meta":{"rootId":"jkaorcichko9pfl","id":"jkaorcichko9pfl"},"id":"vh3myt89zwntad3","operationId":"9h3qb8z1r4md371","previousOperationId":"zfsadrbp8wywipb"}
{"type":"log","timestamp":1644792375085,"level":"debug","message":"Page request: GET (script) https://cdnjs.cloudflare.com/ajax/libs/Chart.js/2.7.2/Chart.min.js","meta":{"rootId":"jkaorcichko9pfl","id":"jkaorcichko9pfl"},"id":"boxipdco04tv5jc","operationId":"3eaucq39p30og09","previousOperationId":"zfsadrbp8wywipb"}
{"type":"log","timestamp":1644792375242,"level":"debug","message":"Page request finished: GET (script) 200 https://cdnjs.cloudflare.com/ajax/libs/Chart.js/2.7.2/Chart.min.js","meta":{"rootId":"jkaorcichko9pfl","id":"jkaorcichko9pfl"},"id":"8p21bsfz3t7syue","operationId":"uydpz4rjzmlilek","previousOperationId":"zfsadrbp8wywipb"}
{"type":"log","timestamp":1644792375902,"level":"debug","message":"Page request finished: GET (stylesheet) 200 https://cdnjs.cloudflare.com/ajax/libs/metro/4.1.5/css/metro.min.css","meta":{"rootId":"jkaorcichko9pfl","id":"jkaorcichko9pfl"},"id":"266z9i9hrfx76b1","operationId":"haa6icnlwuqu2yk","previousOperationId":"zfsadrbp8wywipb"}
{"type":"log","timestamp":1644792376022,"level":"debug","message":"Running chrome with params {\"printBackground\":true,\"marginTop\":\"4cm\",\"marginRight\":\"1.5cm\",\"marginBottom\":\"1.5cm\",\"marginLeft\":\"1.5cm\",\"waitForJS\":false,\"timeout\":60000,\"margin\":{\"top\":\"4cm\",\"right\":\"1.5cm\",\"bottom\":\"1.5cm\",\"left\":\"1.5cm\"}}","meta":{"rootId":"jkaorcichko9pfl","id":"jkaorcichko9pfl"},"id":"g9prwcwes5is8ev","operationId":"uzwnvnmgh48nsxe","previousOperationId":"zfsadrbp8wywipb"}
{"type":"operationEnd","operationId":"zfsadrbp8wywipb","timestamp":1644792376337,"id":"ou69ymvop2uwei6","previousEventId":"h440kjrx2dc5kd4","previousOperationId":"zfsadrbp8wywipb"}
{"type":"log","timestamp":1644792376339,"level":"info","message":"pdf-utils is starting pdf processing","meta":{"rootId":"jkaorcichko9pfl","id":"jkaorcichko9pfl"},"id":"qwfafbqoalaewoh","operationId":"mz6l3y51as5ghrx","previousOperationId":"zfsadrbp8wywipb"}
{"type":"operationStart","subtype":"pdfUtils","name":"pdf utils","timestamp":1644792376562,"id":"hn6q0r7n067bmre","previousEventId":"ou69ymvop2uwei6","operationId":"3jiof4r6ddo8v88","previousOperationId":"zfsadrbp8wywipb"}
{"type":"log","timestamp":1644792376562,"level":"debug","message":"pdf-utils detected 1 pdf operation(s) to process","meta":{"rootId":"jkaorcichko9pfl","id":"jkaorcichko9pfl"},"id":"z63kx9xf8myk7na","operationId":"cz9umouyue5c8km","previousOperationId":"3jiof4r6ddo8v88"}
{"type":"log","timestamp":1644792376952,"level":"debug","message":"pdf-utils running pdf operation merge","meta":{"rootId":"jkaorcichko9pfl","id":"jkaorcichko9pfl"},"id":"2j9mt138hkwjbrd","operationId":"y5r85bu0e5t8ic6","previousOperationId":"3jiof4r6ddo8v88"}
{"type":"operationStart","subtype":"pdfUtilsMerge","name":"pdf utils merge","previousOperationId":"3jiof4r6ddo8v88","timestamp":1644792376952,"id":"ss5d0gild5i9q0z","previousEventId":"hn6q0r7n067bmre","operationId":"waqtifw0sxa0y5t"}
{"type":"operationStart","subtype":"render","name":"orders-header","previousOperationId":"waqtifw0sxa0y5t","timestamp":1644792376954,"id":"fm9sxa3r8cl71h7","previousEventId":"ss5d0gild5i9q0z","operationId":"onfswygcml3ybmx"}
{"type":"log","timestamp":1644792376954,"level":"info","message":"Starting rendering request 3 (user: null)","meta":{"rootId":"jkaorcichko9pfl","id":"8kwbgtauzjqsewq"},"id":"cb1skebs7qyalc1","operationId":"bjh5vgiwtpbscii","previousOperationId":"onfswygcml3ybmx"}
{"type":"log","timestamp":1644792376955,"level":"info","message":"Rendering template { name: orders-header, recipe: chrome-pdf, engine: handlebars, preview: true }","meta":{"rootId":"jkaorcichko9pfl","id":"8kwbgtauzjqsewq"},"id":"mg0n2mso2wn9n3f","operationId":"kjq56xdm38baa6x","previousOperationId":"onfswygcml3ybmx"}
{"type":"log","timestamp":1644792376963,"level":"debug","message":"Inline data specified.","meta":{"rootId":"jkaorcichko9pfl","id":"8kwbgtauzjqsewq"},"id":"xxsvhmea3qlppqj","operationId":"gxosncbepfrt48d","previousOperationId":"onfswygcml3ybmx"}
{"type":"log","timestamp":1644792376975,"level":"debug","message":"Base url not specified, skipping its injection.","meta":{"rootId":"jkaorcichko9pfl","id":"8kwbgtauzjqsewq"},"id":"edtmaofxxih6zza","operationId":"01a9jrqv665pw6q","previousOperationId":"onfswygcml3ybmx"}
{"type":"operationStart","subtype":"engine","name":"handlebars","timestamp":1644792376976,"id":"f61oz3h8siwhtz1","previousEventId":"fm9sxa3r8cl71h7","operationId":"bcdwubv37t6uj0w","previousOperationId":"onfswygcml3ybmx"}
{"type":"log","timestamp":1644792376976,"level":"debug","message":"Rendering engine handlebars","meta":{"rootId":"jkaorcichko9pfl","id":"8kwbgtauzjqsewq"},"id":"74ovuq8mkf3svbx","operationId":"veqke1xecddoy6m","previousOperationId":"bcdwubv37t6uj0w"}
{"type":"operationEnd","operationId":"bcdwubv37t6uj0w","timestamp":1644792377111,"id":"pgqzx4u9r2y0pmq","previousEventId":"f61oz3h8siwhtz1","previousOperationId":"bcdwubv37t6uj0w"}
{"type":"operationStart","subtype":"recipe","name":"chrome-pdf","timestamp":1644792377112,"id":"p56lux1cv8xr5g4","previousEventId":"pgqzx4u9r2y0pmq","operationId":"7w0592m4przcsg4","previousOperationId":"bcdwubv37t6uj0w"}
{"type":"log","timestamp":1644792377112,"level":"debug","message":"Executing recipe chrome-pdf","meta":{"rootId":"jkaorcichko9pfl","id":"8kwbgtauzjqsewq"},"id":"85gke491ar42twq","operationId":"94comjpba2vx4bo","previousOperationId":"7w0592m4przcsg4"}
{"type":"log","timestamp":1644792377113,"level":"debug","message":"Converting with chrome HeadlessChrome/98.0.4758.0 using chrome-pool strategy","meta":{"rootId":"jkaorcichko9pfl","id":"8kwbgtauzjqsewq"},"id":"oe0g2zzsoak29p7","operationId":"6z8ukdz3jdxb3w9","previousOperationId":"7w0592m4przcsg4"}
{"type":"log","timestamp":1644792377174,"level":"debug","message":"Page request: GET (document) file:///tmp/jsreport/autocleanup/55dc76e2-6fed-44d5-8edf-3b82b1813179-chrome-pdf.html","meta":{"rootId":"jkaorcichko9pfl","id":"8kwbgtauzjqsewq"},"id":"fylicfsdc1epsmh","operationId":"b8k3g7xu2gr8dw9","previousOperationId":"7w0592m4przcsg4"}
{"type":"log","timestamp":1644792377202,"level":"debug","message":"Page request finished: GET (document) file:///tmp/jsreport/autocleanup/55dc76e2-6fed-44d5-8edf-3b82b1813179-chrome-pdf.html","meta":{"rootId":"jkaorcichko9pfl","id":"8kwbgtauzjqsewq"},"id":"nzfrq8frqva4ogq","operationId":"jdj5cekjfk9b6g0","previousOperationId":"7w0592m4przcsg4"}
{"type":"log","timestamp":1644792377203,"level":"debug","message":"Page request: GET (stylesheet) https://cdnjs.cloudflare.com/ajax/libs/metro/4.1.5/css/metro.min.css","meta":{"rootId":"jkaorcichko9pfl","id":"8kwbgtauzjqsewq"},"id":"76wg9gvldcscm5w","operationId":"u3ig6s9gidotsig","previousOperationId":"7w0592m4przcsg4"}
{"type":"log","timestamp":1644792377248,"level":"debug","message":"Page request finished: GET (stylesheet) 200 https://cdnjs.cloudflare.com/ajax/libs/metro/4.1.5/css/metro.min.css","meta":{"rootId":"jkaorcichko9pfl","id":"8kwbgtauzjqsewq"},"id":"ck7btfcfl76f874","operationId":"4ybfg73wtbq57cd","previousOperationId":"7w0592m4przcsg4"}
{"type":"log","timestamp":1644792377273,"level":"debug","message":"Running chrome with params {\"printBackground\":true,\"marginTop\":\"1.5cm\",\"marginRight\":\"1.5cm\",\"marginLeft\":\"1.cm\",\"timeout\":60000,\"margin\":{\"top\":\"1.5cm\",\"right\":\"1.5cm\",\"left\":\"1.cm\"}}","meta":{"rootId":"jkaorcichko9pfl","id":"8kwbgtauzjqsewq"},"id":"hpo8mz8vyhgq67f","operationId":"6mkuf934rz4wlu8","previousOperationId":"7w0592m4przcsg4"}
{"type":"operationEnd","operationId":"7w0592m4przcsg4","timestamp":1644792377415,"id":"v87rzdra6fe8cxl","previousEventId":"p56lux1cv8xr5g4","previousOperationId":"7w0592m4przcsg4"}
{"type":"log","timestamp":1644792377415,"level":"debug","message":"Skipping storing report.","meta":{"rootId":"jkaorcichko9pfl","id":"8kwbgtauzjqsewq"},"id":"p0q6g9ej7f094tt","operationId":"pk9sjz1j2b0bzhf","previousOperationId":"7w0592m4przcsg4"}
{"type":"log","timestamp":1644792377416,"level":"info","message":"Rendering request 3 finished in 462 ms","meta":{"rootId":"jkaorcichko9pfl","id":"8kwbgtauzjqsewq"},"id":"bv62hm47mxb3q12","operationId":"bzkpzb1ojwhxy1a","previousOperationId":"7w0592m4przcsg4"}
{"type":"operationEnd","subtype":"render","operationId":"onfswygcml3ybmx","timestamp":1644792377416,"id":"ycg96lg5wrt4y1i","previousEventId":"v87rzdra6fe8cxl","previousOperationId":"7w0592m4przcsg4"}
{"type":"operationEnd","operationId":"waqtifw0sxa0y5t","timestamp":1644792377476,"id":"l8211lgwtr4pg0e","previousEventId":"ss5d0gild5i9q0z","previousOperationId":"waqtifw0sxa0y5t"}
{"type":"log","timestamp":1644792377476,"level":"debug","message":"pdf-utils postproces start","meta":{"rootId":"jkaorcichko9pfl","id":"jkaorcichko9pfl"},"id":"cbxz3thzxdpncu3","operationId":"5m81u1tnfhj4fjd","previousOperationId":"waqtifw0sxa0y5t"}
{"type":"log","timestamp":1644792377519,"level":"debug","message":"pdf-utils postproces end","meta":{"rootId":"jkaorcichko9pfl","id":"jkaorcichko9pfl"},"id":"xj4cix71mj861l7","operationId":"259lq3axlanzxwl","previousOperationId":"waqtifw0sxa0y5t"}
{"type":"operationEnd","operationId":"3jiof4r6ddo8v88","timestamp":1644792377519,"id":"v0uxx3zmx4qrdci","previousEventId":"l8211lgwtr4pg0e","previousOperationId":"waqtifw0sxa0y5t"}
{"type":"log","timestamp":1644792377519,"level":"info","message":"pdf-utils pdf processing was finished","meta":{"rootId":"jkaorcichko9pfl","id":"jkaorcichko9pfl"},"id":"o2ot8j0d4tb8amu","operationId":"icg873pmdvyd5rg","previousOperationId":"3jiof4r6ddo8v88"}
{"type":"log","timestamp":1644792377519,"level":"debug","message":"Skipping storing report.","meta":{"rootId":"jkaorcichko9pfl","id":"jkaorcichko9pfl"},"id":"ymdcab0onsy9l6c","operationId":"19qf96u3pm8w9un","previousOperationId":"3jiof4r6ddo8v88"}
{"type":"log","timestamp":1644792377519,"level":"info","message":"Rendering request 2 finished in 5113 ms","meta":{"rootId":"jkaorcichko9pfl","id":"jkaorcichko9pfl"},"id":"7yv2mzscaxr0ga5","operationId":"jul03d615uhhfyf","previousOperationId":"3jiof4r6ddo8v88"}
{"type":"operationEnd","subtype":"render","operationId":"bkr4cjjknqpuiqg","timestamp":1644792377519,"id":"qhpz6ebyarhekhb","previousEventId":"v0uxx3zmx4qrdci","previousOperationId":"3jiof4r6ddo8v88"}
