{"type":"operationStart","subtype":"render","name":"orders-main","previousOperationId":null,"profileId":"MSF6cJGo5KPKToiT","timestamp":1644792461848,"id":"gma4kwpf59yau9q","operationId":"b8qtjigm76x9kbj"}
{"type":"log","timestamp":1644792461848,"level":"info","message":"Starting rendering request 4 (user: null)","meta":{"rootId":"m9b7qg6nrxpkqcd","id":"m9b7qg6nrxpkqcd"},"id":"yxr8wejaxzfx6p4","operationId":"26vj8u7s1os1s5t","previousOperationId":"b8qtjigm76x9kbj"}
{"type":"log","timestamp":1644792461849,"level":"info","message":"Rendering template { name: orders-main, recipe: chrome-pdf, engine: none, preview: true }","meta":{"rootId":"m9b7qg6nrxpkqcd","id":"m9b7qg6nrxpkqcd"},"id":"ketguxvi7ub9ntn","operationId":"7d3mom60cxj2spi","previousOperationId":"b8qtjigm76x9kbj"}
{"type":"log","timestamp":1644792461850,"level":"debug","message":"Data item not defined for this template.","meta":{"rootId":"m9b7qg6nrxpkqcd","id":"m9b7qg6nrxpkqcd"},"id":"8151knjgpmczzab","operationId":"l1sl8udlcyvehfh","previousOperationId":"b8qtjigm76x9kbj"}
{"type":"log","timestamp":1644792461855,"level":"debug","message":"Executing script orders-script (beforeRender)","meta":{"rootId":"m9b7qg6nrxpkqcd","id":"m9b7qg6nrxpkqcd"},"id":"e79krjfsyisrd9f","operationId":"badj38oix4j9zhv","previousOperationId":"b8qtjigm76x9kbj"}
{"type":"operationStart","subtype":"scriptsBeforeRender","name":"scripts beforeRender","timestamp":1644792461882,"id":"2taaf8jfbov891c","previousEventId":"gma4kwpf59yau9q","operationId":"az4f6l4b3m07o65","previousOperationId":"b8qtjigm76x9kbj"}
{"type":"operationStart","subtype":"script","name":"scripts orders-script","previousOperationId":"az4f6l4b3m07o65","timestamp":1644792461882,"id":"2ve73zljhfzes92","previousEventId":"2taaf8jfbov891c","operationId":"r6hafg7sphhzyhz"}
{"type":"operationEnd","operationId":"r6hafg7sphhzyhz","timestamp":1644792464037,"id":"q9wcisvj1m64xgc","previousEventId":"gma4kwpf59yau9q","previousOperationId":"b8qtjigm76x9kbj"}
{"type":"operationEnd","operationId":"az4f6l4b3m07o65","timestamp":1644792464038,"id":"cn9hj65e28xmft0","previousEventId":"q9wcisvj1m64xgc","previousOperationId":"b8qtjigm76x9kbj"}
{"type":"log","timestamp":1644792464038,"level":"debug","message":"Base url not specified, skipping its injection.","meta":{"rootId":"m9b7qg6nrxpkqcd","id":"m9b7qg6nrxpkqcd"},"id":"6yox4cy6paq312w","operationId":"dsdxuge86sefqjq","previousOperationId":"az4f6l4b3m07o65"}
{"type":"operationStart","subtype":"engine","name":"none","timestamp":1644792464038,"id":"14nk1a4ykw6zbef","previousEventId":"cn9hj65e28xmft0","operationId":"sr8m9qzb340250f","previousOperationId":"az4f6l4b3m07o65"}
{"type":"log","timestamp":1644792464038,"level":"debug","message":"Rendering engine none","meta":{"rootId":"m9b7qg6nrxpkqcd","id":"m9b7qg6nrxpkqcd"},"id":"ocy8ax967ilcp8x","operationId":"i5df0ij4iehluhi","previousOperationId":"sr8m9qzb340250f"}
{"type":"operationEnd","operationId":"sr8m9qzb340250f","timestamp":1644792464068,"id":"7cwg738qyxek5rf","previousEventId":"14nk1a4ykw6zbef","previousOperationId":"sr8m9qzb340250f"}
{"type":"operationStart","subtype":"recipe","name":"chrome-pdf","timestamp":1644792464068,"id":"qr4ucv1ugcoh48d","previousEventId":"7cwg738qyxek5rf","operationId":"zvwbceulsuxzlgi","previousOperationId":"sr8m9qzb340250f"}
{"type":"log","timestamp":1644792464068,"level":"debug","message":"Executing recipe chrome-pdf","meta":{"rootId":"m9b7qg6nrxpkqcd","id":"m9b7qg6nrxpkqcd"},"id":"s5kj8tdasjxa7yh","operationId":"wuiwu2dafa4y7h4","previousOperationId":"zvwbceulsuxzlgi"}
{"type":"log","timestamp":1644792464071,"level":"debug","message":"Converting with chrome HeadlessChrome/98.0.4758.0 using chrome-pool strategy","meta":{"rootId":"m9b7qg6nrxpkqcd","id":"m9b7qg6nrxpkqcd"},"id":"qhclbjtttkxcs7b","operationId":"isf8dlrsda95f1d","previousOperationId":"zvwbceulsuxzlgi"}
{"type":"log","timestamp":1644792464150,"level":"debug","message":"Page request: GET (document) file:///tmp/jsreport/autocleanup/192f6268-f961-4b5a-ab59-869d63d7e49a-chrome-pdf.html","meta":{"rootId":"m9b7qg6nrxpkqcd","id":"m9b7qg6nrxpkqcd"},"id":"3oc2l8a1ha9nzr2","operationId":"ygvy48evnmpvh5b","previousOperationId":"zvwbceulsuxzlgi"}
{"type":"log","timestamp":1644792464167,"level":"debug","message":"Page request finished: GET (document) file:///tmp/jsreport/autocleanup/192f6268-f961-4b5a-ab59-869d63d7e49a-chrome-pdf.html","meta":{"rootId":"m9b7qg6nrxpkqcd","id":"m9b7qg6nrxpkqcd"},"id":"fx6jth9et6zoy77","operationId":"yki89kdryi5czux","previousOperationId":"zvwbceulsuxzlgi"}
{"type":"log","timestamp":1644792464168,"level":"debug","message":"Page request: GET (stylesheet) https://cdnjs.cloudflare.com/ajax/libs/metro/4.1.5/css/metro.min.css","meta":{"rootId":"m9b7qg6nrxpkqcd","id":"m9b7qg6nrxpkqcd"},"id":"3wnjwds2iqbpdmu","operationId":"0nzgotcpbthhgjp","previousOperationId":"zvwbceulsuxzlgi"}
{"type":"log","timestamp":1644792464168,"level":"debug","message":"Page request: GET (script) https://cdnjs.cloudflare.com/ajax/libs/Chart.js/2.7.2/Chart.min.js","meta":{"rootId":"m9b7qg6nrxpkqcd","id":"m9b7qg6nrxpkqcd"},"id":"r2rl4vebii5qy61","operationId":"491w7aevtxme9rd","previousOperationId":"zvwbceulsuxzlgi"}
{"type":"log","timestamp":1644792464185,"level":"debug","message":"Page request finished: GET (script) 200 https://cdnjs.cloudflare.com/ajax/libs/Chart.js/2.7.2/Chart.min.js","meta":{"rootId":"m9b7qg6nrxpkqcd","id":"m9b7qg6nrxpkqcd"},"id":"8qsxlrxbmxsmrcy","operationId":"59xjaq1pcmjv5y1","previousOperationId":"zvwbceulsuxzlgi"}
{"type":"log","timestamp":1644792464213,"level":"debug","message":"Page request finished: GET (stylesheet) 200 https://cdnjs.cloudflare.com/ajax/libs/metro/4.1.5/css/metro.min.css","meta":{"rootId":"m9b7qg6nrxpkqcd","id":"m9b7qg6nrxpkqcd"},"id":"50df3ceqm6u6a5g","operationId":"snnqo5w619imj4d","previousOperationId":"zvwbceulsuxzlgi"}
{"type":"log","timestamp":1644792464237,"level":"warn","message":"Page error: SyntaxError: Unexpected token '{'","meta":{"rootId":"m9b7qg6nrxpkqcd","id":"m9b7qg6nrxpkqcd"},"id":"5o3injmab4yuddf","operationId":"lfy47gdo6uvkyuy","previousOperationId":"zvwbceulsuxzlgi"}
{"type":"log","timestamp":1644792464260,"level":"debug","message":"Running chrome with params {\"printBackground\":true,\"marginTop\":\"4cm\",\"marginRight\":\"1.5cm\",\"marginBottom\":\"1.5cm\",\"marginLeft\":\"1.5cm\",\"waitForJS\":false,\"timeout\":60000,\"margin\":{\"top\":\"4cm\",\"right\":\"1.5cm\",\"bottom\":\"1.5cm\",\"left\":\"1.5cm\"}}","meta":{"rootId":"m9b7qg6nrxpkqcd","id":"m9b7qg6nrxpkqcd"},"id":"4re7uc7r5hohrk6","operationId":"askjfph5n353mxo","previousOperationId":"zvwbceulsuxzlgi"}
{"type":"operationEnd","operationId":"zvwbceulsuxzlgi","timestamp":1644792464400,"id":"e3ccq91v0ijdeeb","previousEventId":"qr4ucv1ugcoh48d","previousOperationId":"zvwbceulsuxzlgi"}
{"type":"log","timestamp":1644792464400,"level":"info","message":"pdf-utils is starting pdf processing","meta":{"rootId":"m9b7qg6nrxpkqcd","id":"m9b7qg6nrxpkqcd"},"id":"k88bf81k78026zq","operationId":"81m2mnlzawrnrsu","previousOperationId":"zvwbceulsuxzlgi"}
{"type":"operationStart","subtype":"pdfUtils","name":"pdf utils","timestamp":1644792464400,"id":"yx6ggpmpt2uo4mf","previousEventId":"e3ccq91v0ijdeeb","operationId":"k28vtzr38ky1q9t","previousOperationId":"zvwbceulsuxzlgi"}
{"type":"log","timestamp":1644792464400,"level":"debug","message":"pdf-utils detected 1 pdf operation(s) to process","meta":{"rootId":"m9b7qg6nrxpkqcd","id":"m9b7qg6nrxpkqcd"},"id":"7b0psq18yztoeyf","operationId":"i0v2kxj27bcira9","previousOperationId":"k28vtzr38ky1q9t"}
{"type":"log","timestamp":1644792464458,"level":"debug","message":"pdf-utils running pdf operation merge","meta":{"rootId":"m9b7qg6nrxpkqcd","id":"m9b7qg6nrxpkqcd"},"id":"kaapu2fjedb7ux2","operationId":"unaiwl7y68m783d","previousOperationId":"k28vtzr38ky1q9t"}
{"type":"operationStart","subtype":"pdfUtilsMerge","name":"pdf utils merge","previousOperationId":"k28vtzr38ky1q9t","timestamp":1644792464458,"id":"q9cbm74kqbg8wa2","previousEventId":"yx6ggpmpt2uo4mf","operationId":"3fc9ot2ejantoa5"}
{"type":"operationStart","subtype":"render","name":"orders-header","previousOperationId":"3fc9ot2ejantoa5","timestamp":1644792464460,"id":"z1h93fstwf4zra4","previousEventId":"q9cbm74kqbg8wa2","operationId":"tj365i549lbeb93"}
{"type":"log","timestamp":1644792464460,"level":"info","message":"Starting rendering request 5 (user: null)","meta":{"rootId":"m9b7qg6nrxpkqcd","id":"7xmofu1h8vp14nj"},"id":"06wrdcjamteoceg","operationId":"nf8de87sh1t6i1s","previousOperationId":"tj365i549lbeb93"}
{"type":"log","timestamp":1644792464461,"level":"info","message":"Rendering template { name: orders-header, recipe: chrome-pdf, engine: handlebars, preview: true }","meta":{"rootId":"m9b7qg6nrxpkqcd","id":"7xmofu1h8vp14nj"},"id":"tjbbrdce8qtiifu","operationId":"tzd9fl6k0wk32rj","previousOperationId":"tj365i549lbeb93"}
{"type":"log","timestamp":1644792464468,"level":"debug","message":"Inline data specified.","meta":{"rootId":"m9b7qg6nrxpkqcd","id":"7xmofu1h8vp14nj"},"id":"zj94df32f06p8u5","operationId":"8vhokujxq0jz5wv","previousOperationId":"tj365i549lbeb93"}
{"type":"log","timestamp":1644792464474,"level":"debug","message":"Base url not specified, skipping its injection.","meta":{"rootId":"m9b7qg6nrxpkqcd","id":"7xmofu1h8vp14nj"},"id":"e25fme68g3rfq7f","operationId":"svbs5c1mloxviol","previousOperationId":"tj365i549lbeb93"}
{"type":"operationStart","subtype":"engine","name":"handlebars","timestamp":1644792464475,"id":"r0uct3b9p2lhfpg","previousEventId":"z1h93fstwf4zra4","operationId":"5j6uicy62dc6tp4","previousOperationId":"tj365i549lbeb93"}
{"type":"log","timestamp":1644792464475,"level":"debug","message":"Rendering engine handlebars","meta":{"rootId":"m9b7qg6nrxpkqcd","id":"7xmofu1h8vp14nj"},"id":"dvos10ycop0te7v","operationId":"paa2x1ro1fa50wf","previousOperationId":"5j6uicy62dc6tp4"}
{"type":"operationEnd","operationId":"5j6uicy62dc6tp4","timestamp":1644792464518,"id":"f406rqlwzp8lfrp","previousEventId":"r0uct3b9p2lhfpg","previousOperationId":"5j6uicy62dc6tp4"}
{"type":"operationStart","subtype":"recipe","name":"chrome-pdf","timestamp":1644792464518,"id":"7wkelb4vikscby7","previousEventId":"f406rqlwzp8lfrp","operationId":"sra0ol8of06qhul","previousOperationId":"5j6uicy62dc6tp4"}
{"type":"log","timestamp":1644792464518,"level":"debug","message":"Executing recipe chrome-pdf","meta":{"rootId":"m9b7qg6nrxpkqcd","id":"7xmofu1h8vp14nj"},"id":"scojf0xw24dln0q","operationId":"r887siuu89o6w4w","previousOperationId":"sra0ol8of06qhul"}
{"type":"log","timestamp":1644792464520,"level":"debug","message":"Converting with chrome HeadlessChrome/98.0.4758.0 using chrome-pool strategy","meta":{"rootId":"m9b7qg6nrxpkqcd","id":"7xmofu1h8vp14nj"},"id":"swieg43pavtdn9t","operationId":"xlq2ia4tx1gm71o","previousOperationId":"sra0ol8of06qhul"}
{"type":"log","timestamp":1644792464617,"level":"debug","message":"Page request: GET (document) file:///tmp/jsreport/autocleanup/00a1ead3-50a9-48ea-9b89-ba2c391d02e3-chrome-pdf.html","meta":{"rootId":"m9b7qg6nrxpkqcd","id":"7xmofu1h8vp14nj"},"id":"5vzb2l316v7xf6a","operationId":"p0qmj9qfrnn67u0","previousOperationId":"sra0ol8of06qhul"}
{"type":"log","timestamp":1644792464633,"level":"debug","message":"Page request finished: GET (document) file:///tmp/jsreport/autocleanup/00a1ead3-50a9-48ea-9b89-ba2c391d02e3-chrome-pdf.html","meta":{"rootId":"m9b7qg6nrxpkqcd","id":"7xmofu1h8vp14nj"},"id":"u8rdfmxkcor2fnb","operationId":"tqvnda3hg4zagwg","previousOperationId":"sra0ol8of06qhul"}
{"type":"log","timestamp":1644792464634,"level":"debug","message":"Page request: GET (stylesheet) https://cdnjs.cloudflare.com/ajax/libs/metro/4.1.5/css/metro.min.css","meta":{"rootId":"m9b7qg6nrxpkqcd","id":"7xmofu1h8vp14nj"},"id":"q9d4tds3qpog4y9","operationId":"a1uh8cwt28xv5q0","previousOperationId":"sra0ol8of06qhul"}
{"type":"log","timestamp":1644792464680,"level":"debug","message":"Page request finished: GET (stylesheet) 200 https://cdnjs.cloudflare.com/ajax/libs/metro/4.1.5/css/metro.min.css","meta":{"rootId":"m9b7qg6nrxpkqcd","id":"7xmofu1h8vp14nj"},"id":"a4rb3x5uhvmiktu","operationId":"av4l4yri9swkvpm","previousOperationId":"sra0ol8of06qhul"}
{"type":"log","timestamp":1644792464696,"level":"debug","message":"Running chrome with params {\"printBackground\":true,\"marginTop\":\"1.5cm\",\"marginRight\":\"1.5cm\",\"marginLeft\":\"1.cm\",\"timeout\":60000,\"margin\":{\"top\":\"1.5cm\",\"right\":\"1.5cm\",\"left\":\"1.cm\"}}","meta":{"rootId":"m9b7qg6nrxpkqcd","id":"7xmofu1h8vp14nj"},"id":"lgyv5t8xe3k44e1","operationId":"4u3ultnjkg4ojqc","previousOperationId":"sra0ol8of06qhul"}
{"type":"operationEnd","operationId":"sra0ol8of06qhul","timestamp":1644792464804,"id":"zv880apxv4hj5uj","previousEventId":"7wkelb4vikscby7","previousOperationId":"sra0ol8of06qhul"}
{"type":"log","timestamp":1644792464804,"level":"debug","message":"Skipping storing report.","meta":{"rootId":"m9b7qg6nrxpkqcd","id":"7xmofu1h8vp14nj"},"id":"fnuie4s9rmxywcf","operationId":"ldevs92wbhynltl","previousOperationId":"sra0ol8of06qhul"}
{"type":"log","timestamp":1644792464804,"level":"info","message":"Rendering request 5 finished in 344 ms","meta":{"rootId":"m9b7qg6nrxpkqcd","id":"7xmofu1h8vp14nj"},"id":"z5plsbivf41ew8o","operationId":"252k1cpmag984lc","previousOperationId":"sra0ol8of06qhul"}
{"type":"operationEnd","subtype":"render","operationId":"tj365i549lbeb93","timestamp":1644792464804,"id":"6yrjv5hb4abtxbf","previousEventId":"zv880apxv4hj5uj","previousOperationId":"sra0ol8of06qhul"}
{"type":"operationEnd","operationId":"3fc9ot2ejantoa5","timestamp":1644792464825,"id":"e3o074nggy3hf2g","previousEventId":"q9cbm74kqbg8wa2","previousOperationId":"3fc9ot2ejantoa5"}
{"type":"log","timestamp":1644792464825,"level":"debug","message":"pdf-utils postproces start","meta":{"rootId":"m9b7qg6nrxpkqcd","id":"m9b7qg6nrxpkqcd"},"id":"jglayvzx5c8mc5a","operationId":"rajofbc4y39lbv1","previousOperationId":"3fc9ot2ejantoa5"}
{"type":"log","timestamp":1644792464840,"level":"debug","message":"pdf-utils postproces end","meta":{"rootId":"m9b7qg6nrxpkqcd","id":"m9b7qg6nrxpkqcd"},"id":"0wkwsanmogmrtp9","operationId":"7nje0fyykgt40zz","previousOperationId":"3fc9ot2ejantoa5"}
{"type":"operationEnd","operationId":"k28vtzr38ky1q9t","timestamp":1644792464840,"id":"cvh64nwmwp0rmzt","previousEventId":"e3o074nggy3hf2g","previousOperationId":"3fc9ot2ejantoa5"}
{"type":"log","timestamp":1644792464841,"level":"info","message":"pdf-utils pdf processing was finished","meta":{"rootId":"m9b7qg6nrxpkqcd","id":"m9b7qg6nrxpkqcd"},"id":"ofgvmht5m370bbu","operationId":"eft9uxfl865mc93","previousOperationId":"k28vtzr38ky1q9t"}
{"type":"log","timestamp":1644792464841,"level":"debug","message":"Skipping storing report.","meta":{"rootId":"m9b7qg6nrxpkqcd","id":"m9b7qg6nrxpkqcd"},"id":"8j6ovjht4w6zzz6","operationId":"jq1mrmouz2rmbh3","previousOperationId":"k28vtzr38ky1q9t"}
{"type":"log","timestamp":1644792464841,"level":"info","message":"Rendering request 4 finished in 2993 ms","meta":{"rootId":"m9b7qg6nrxpkqcd","id":"m9b7qg6nrxpkqcd"},"id":"b6ienyvefz1ecd6","operationId":"b2jywiv27o6pigp","previousOperationId":"k28vtzr38ky1q9t"}
{"type":"operationEnd","subtype":"render","operationId":"b8qtjigm76x9kbj","timestamp":1644792464841,"id":"8qhvu1hjef38wvu","previousEventId":"cvh64nwmwp0rmzt","previousOperationId":"k28vtzr38ky1q9t"}
