2022-02-13T22:44:40.009Z - info: Initializing jsreport (version: 3.4.0, configuration file: jsreport.config.json, nodejs: 16.14.0)
2022-02-13T22:44:40.012Z - info: Searching for available extensions in /home/kuroneko/Documentos/Proyectos/NodeJS/club-limpieza-back-ts/jsreportapp/
2022-02-13T22:44:40.028Z - info: Extensions location cache doesn't contain entry yet, crawling
2022-02-13T22:44:40.234Z - info: Found 35 extension(s)
2022-02-13T22:44:40.313Z - info: Using extension base@3.0.0
2022-02-13T22:44:40.319Z - info: Using extension child-templates@3.0.1
2022-02-13T22:44:40.323Z - info: Using extension cli@3.1.0
2022-02-13T22:44:40.325Z - info: Using extension components@3.2.0
2022-02-13T22:44:40.326Z - info: Using extension data@3.0.1
2022-02-13T22:44:40.327Z - info: Using extension express@3.3.1
2022-02-13T22:44:40.500Z - info: Using extension freeze@3.0.1
2022-02-13T22:44:40.502Z - info: Using extension fs-store@3.1.0
2022-02-13T22:44:40.561Z - info: Using extension handlebars@3.0.0
2022-02-13T22:44:40.563Z - info: Using extension import-export@3.1.1
2022-02-13T22:44:40.572Z - info: Using extension jsrender@3.0.0
2022-02-13T22:44:40.573Z - info: Using extension licensing@3.0.2
2022-02-13T22:44:40.585Z - info: Using extension localization@3.2.0
2022-02-13T22:44:40.586Z - info: Using extension npm@3.1.1
2022-02-13T22:44:40.590Z - info: Using extension pdf-utils@3.3.0
2022-02-13T22:44:40.592Z - info: Using extension reports@3.0.3
2022-02-13T22:44:40.595Z - info: Using extension tags@3.1.0
2022-02-13T22:44:40.597Z - info: Using extension text@3.0.0
2022-02-13T22:44:40.601Z - info: Using extension version-control@3.1.0
2022-02-13T22:44:40.614Z - info: Using extension assets@3.3.0
2022-02-13T22:44:40.641Z - info: Using extension authorization@3.2.0
2022-02-13T22:44:40.648Z - info: Using extension browser-client@3.1.0
2022-02-13T22:44:40.650Z - info: Using extension chrome-pdf@3.1.0
2022-02-13T22:44:40.674Z - info: Using extension docx@3.2.0
2022-02-13T22:44:40.676Z - info: Using extension html-to-xlsx@3.2.0
2022-02-13T22:44:40.718Z - info: html-to-xlsx detected chrome as available html engine
2022-02-13T22:44:40.718Z - info: html-to-xlsx detected phantom as available html engine
2022-02-13T22:44:40.719Z - info: Using extension pptx@3.1.0
2022-02-13T22:44:40.720Z - info: Using extension scheduling@3.0.1
2022-02-13T22:44:40.756Z - info: Using extension scripts@3.2.0
2022-02-13T22:44:40.756Z - info: Using extension static-pdf@3.0.0
2022-02-13T22:44:40.757Z - info: Using extension studio@3.4.0
2022-02-13T22:44:40.813Z - info: Using extension xlsx@3.1.0
2022-02-13T22:44:40.829Z - info: Using extension public-templates@3.0.0
2022-02-13T22:44:40.830Z - info: Using extension sample-template@3.1.0
2022-02-13T22:44:40.832Z - info: Using extension studio-theme-dark@3.0.1
2022-02-13T22:44:40.833Z - info: Using general timeout for rendering (reportTimeout: 60000)
2022-02-13T22:44:40.834Z - info: Using fs provider for template store.
2022-02-13T22:44:40.841Z - info: fs store is persisting using fs for /home/kuroneko/Documentos/Proyectos/NodeJS/club-limpieza-back-ts/jsreportapp/data
2022-02-13T22:44:40.848Z - info: fs store is loading data
2022-02-13T22:44:40.853Z - info: fs store is initialized successfully
2022-02-13T22:44:40.898Z - info: Creating default express app.
2022-02-13T22:44:40.920Z - info: jsreport server successfully started on http port: 3002
2022-02-13T22:44:40.922Z - info: Verifying license key free
2022-02-13T22:44:40.923Z - info: Using free license
2022-02-13T22:44:40.937Z - info: Migrating templates chrome settings (waitForNetworkIddle -> waitForNetworkIdle)
2022-02-13T22:44:40.942Z - info: Migration successful
2022-02-13T22:44:41.207Z - info: Initializing worker threads
2022-02-13T22:44:41.521Z - info: 2 worker threads initialized in 314ms
2022-02-13T22:44:41.522Z - info: Starting temp files cleanup with 180000ms threshold
2022-02-13T22:44:41.523Z - info: reporter initialized
2022-02-13T22:45:33.574Z - info: Starting rendering request 1 (user: null) rootId=ebqxmo05p4bn9oo, id=ebqxmo05p4bn9oo
2022-02-13T22:45:33.576Z - info: Rendering template { name: invoice-main, recipe: chrome-pdf, engine: handlebars, preview: true } rootId=ebqxmo05p4bn9oo, id=ebqxmo05p4bn9oo
2022-02-13T22:45:34.512Z - info: Rendering request 1 finished in 1022 ms rootId=ebqxmo05p4bn9oo, id=ebqxmo05p4bn9oo
2022-02-13T22:46:12.419Z - info: Starting rendering request 2 (user: null) rootId=jkaorcichko9pfl, id=jkaorcichko9pfl
2022-02-13T22:46:12.420Z - info: Rendering template { name: orders-main, recipe: chrome-pdf, engine: handlebars, preview: true } rootId=jkaorcichko9pfl, id=jkaorcichko9pfl
2022-02-13T22:46:16.955Z - info: pdf-utils is starting pdf processing rootId=jkaorcichko9pfl, id=jkaorcichko9pfl
2022-02-13T22:46:16.982Z - info: Starting rendering request 3 (user: null) rootId=jkaorcichko9pfl, id=8kwbgtauzjqsewq
2022-02-13T22:46:16.983Z - info: Rendering template { name: orders-header, recipe: chrome-pdf, engine: handlebars, preview: true } rootId=jkaorcichko9pfl, id=8kwbgtauzjqsewq
2022-02-13T22:46:17.520Z - info: Rendering request 3 finished in 462 ms rootId=jkaorcichko9pfl, id=8kwbgtauzjqsewq
2022-02-13T22:46:17.522Z - info: pdf-utils pdf processing was finished rootId=jkaorcichko9pfl, id=jkaorcichko9pfl
2022-02-13T22:46:17.523Z - info: Rendering request 2 finished in 5113 ms rootId=jkaorcichko9pfl, id=jkaorcichko9pfl
2022-02-13T22:47:41.855Z - info: Starting rendering request 4 (user: null) rootId=m9b7qg6nrxpkqcd, id=m9b7qg6nrxpkqcd
2022-02-13T22:47:41.855Z - info: Rendering template { name: orders-main, recipe: chrome-pdf, engine: none, preview: true } rootId=m9b7qg6nrxpkqcd, id=m9b7qg6nrxpkqcd
2022-02-13T22:47:44.259Z - warn: Page error: SyntaxError: Unexpected token '{' rootId=m9b7qg6nrxpkqcd, id=m9b7qg6nrxpkqcd
2022-02-13T22:47:44.460Z - info: pdf-utils is starting pdf processing rootId=m9b7qg6nrxpkqcd, id=m9b7qg6nrxpkqcd
2022-02-13T22:47:44.478Z - info: Starting rendering request 5 (user: null) rootId=m9b7qg6nrxpkqcd, id=7xmofu1h8vp14nj
2022-02-13T22:47:44.478Z - info: Rendering template { name: orders-header, recipe: chrome-pdf, engine: handlebars, preview: true } rootId=m9b7qg6nrxpkqcd, id=7xmofu1h8vp14nj
2022-02-13T22:47:44.848Z - info: Rendering request 5 finished in 344 ms rootId=m9b7qg6nrxpkqcd, id=7xmofu1h8vp14nj
2022-02-13T22:47:44.849Z - info: pdf-utils pdf processing was finished rootId=m9b7qg6nrxpkqcd, id=m9b7qg6nrxpkqcd
2022-02-13T22:47:44.851Z - info: Rendering request 4 finished in 2993 ms rootId=m9b7qg6nrxpkqcd, id=m9b7qg6nrxpkqcd
2022-02-13T22:48:21.328Z - info: Starting rendering request 6 (user: null) rootId=9sq6ermv1izasbv, id=9sq6ermv1izasbv
2022-02-13T22:48:21.329Z - info: Rendering template { name: orders-main, recipe: html, engine: none, preview: true } rootId=9sq6ermv1izasbv, id=9sq6ermv1izasbv
2022-02-13T22:48:22.987Z - info: Rendering request 6 finished in 1659 ms rootId=9sq6ermv1izasbv, id=9sq6ermv1izasbv
2022-02-13T22:48:32.346Z - info: Starting rendering request 7 (user: null) rootId=301urj6v4c28r9u, id=301urj6v4c28r9u
2022-02-13T22:48:32.347Z - info: Rendering template { name: orders-main, recipe: chrome-image, engine: none, preview: true } rootId=301urj6v4c28r9u, id=301urj6v4c28r9u
2022-02-13T22:48:34.058Z - warn: Page error: SyntaxError: Unexpected token '{' rootId=301urj6v4c28r9u, id=301urj6v4c28r9u
2022-02-13T22:48:34.132Z - info: Rendering request 7 finished in 1796 ms rootId=301urj6v4c28r9u, id=301urj6v4c28r9u
2022-02-13T22:48:38.607Z - info: Starting rendering request 8 (user: null) rootId=8q7szdhmy8707sk, id=8q7szdhmy8707sk
2022-02-13T22:48:38.609Z - info: Rendering template { name: orders-main, recipe: chrome-pdf, engine: none, preview: true } rootId=8q7szdhmy8707sk, id=8q7szdhmy8707sk
2022-02-13T22:48:40.364Z - warn: Page error: SyntaxError: Unexpected token '{' rootId=8q7szdhmy8707sk, id=8q7szdhmy8707sk
2022-02-13T22:48:40.565Z - info: pdf-utils is starting pdf processing rootId=8q7szdhmy8707sk, id=8q7szdhmy8707sk
2022-02-13T22:48:40.583Z - info: Starting rendering request 9 (user: null) rootId=8q7szdhmy8707sk, id=vwnwmtu9eba7f0s
2022-02-13T22:48:40.584Z - info: Rendering template { name: orders-header, recipe: chrome-pdf, engine: handlebars, preview: true } rootId=8q7szdhmy8707sk, id=vwnwmtu9eba7f0s
2022-02-13T22:48:40.952Z - info: Rendering request 9 finished in 352 ms rootId=8q7szdhmy8707sk, id=vwnwmtu9eba7f0s
2022-02-13T22:48:40.953Z - info: pdf-utils pdf processing was finished rootId=8q7szdhmy8707sk, id=8q7szdhmy8707sk
2022-02-13T22:48:40.954Z - info: Rendering request 8 finished in 2353 ms rootId=8q7szdhmy8707sk, id=8q7szdhmy8707sk
2022-02-13T23:14:11.469Z - info: Initializing jsreport (version: 3.4.0, configuration file: jsreport.config.json, nodejs: 16.14.0)
2022-02-13T23:14:11.472Z - info: Searching for available extensions in /home/kuroneko/Documentos/Proyectos/NodeJS/club-limpieza-back-ts/jsreportapp/
2022-02-13T23:14:11.485Z - info: Extensions location cache contains up to date information, skipping crawling in /home/kuroneko/Documentos/Proyectos/NodeJS/club-limpieza-back-ts/jsreportapp/
2022-02-13T23:14:11.490Z - info: Found 35 extension(s)
2022-02-13T23:14:11.586Z - info: Using extension base@3.0.0
2022-02-13T23:14:11.592Z - info: Using extension child-templates@3.0.1
2022-02-13T23:14:11.596Z - info: Using extension cli@3.1.0
2022-02-13T23:14:11.598Z - info: Using extension components@3.2.0
2022-02-13T23:14:11.599Z - info: Using extension data@3.0.1
2022-02-13T23:14:11.600Z - info: Using extension express@3.3.1
2022-02-13T23:14:11.774Z - info: Using extension freeze@3.0.1
2022-02-13T23:14:11.776Z - info: Using extension fs-store@3.1.0
2022-02-13T23:14:11.834Z - info: Using extension handlebars@3.0.0
2022-02-13T23:14:11.836Z - info: Using extension import-export@3.1.1
2022-02-13T23:14:11.844Z - info: Using extension jsrender@3.0.0
2022-02-13T23:14:11.845Z - info: Using extension licensing@3.0.2
2022-02-13T23:14:11.857Z - info: Using extension localization@3.2.0
2022-02-13T23:14:11.858Z - info: Using extension npm@3.1.1
2022-02-13T23:14:11.884Z - info: Using extension pdf-utils@3.3.0
2022-02-13T23:14:11.887Z - info: Using extension reports@3.0.3
2022-02-13T23:14:11.895Z - info: Using extension tags@3.1.0
2022-02-13T23:14:11.897Z - info: Using extension text@3.0.0
2022-02-13T23:14:11.898Z - info: Using extension version-control@3.1.0
2022-02-13T23:14:11.910Z - info: Using extension assets@3.3.0
2022-02-13T23:14:11.918Z - info: Using extension authorization@3.2.0
2022-02-13T23:14:11.921Z - info: Using extension browser-client@3.1.0
2022-02-13T23:14:11.923Z - info: Using extension chrome-pdf@3.1.0
2022-02-13T23:14:11.946Z - info: Using extension docx@3.2.0
2022-02-13T23:14:11.950Z - info: Using extension html-to-xlsx@3.2.0
2022-02-13T23:14:11.994Z - info: html-to-xlsx detected chrome as available html engine
2022-02-13T23:14:11.994Z - info: html-to-xlsx detected phantom as available html engine
2022-02-13T23:14:11.994Z - info: Using extension pptx@3.1.0
2022-02-13T23:14:11.996Z - info: Using extension scheduling@3.0.1
2022-02-13T23:14:12.030Z - info: Using extension scripts@3.2.0
2022-02-13T23:14:12.030Z - info: Using extension static-pdf@3.0.0
2022-02-13T23:14:12.031Z - info: Using extension studio@3.4.0
2022-02-13T23:14:12.088Z - info: Using extension xlsx@3.1.0
2022-02-13T23:14:12.109Z - info: Using extension public-templates@3.0.0
2022-02-13T23:14:12.110Z - info: Using extension sample-template@3.1.0
2022-02-13T23:14:12.112Z - info: Using extension studio-theme-dark@3.0.1
2022-02-13T23:14:12.114Z - info: Using general timeout for rendering (reportTimeout: 60000)
2022-02-13T23:14:12.114Z - info: Using fs provider for template store.
2022-02-13T23:14:12.122Z - info: fs store is persisting using fs for /home/kuroneko/Documentos/Proyectos/NodeJS/club-limpieza-back-ts/jsreportapp/data
2022-02-13T23:14:12.131Z - info: fs store is loading data
2022-02-13T23:14:12.153Z - info: fs store is initialized successfully
2022-02-13T23:14:12.169Z - info: Creating default express app.
2022-02-13T23:14:12.187Z - info: jsreport server successfully started on http port: 3002
2022-02-13T23:14:12.188Z - info: Verifying license key free
2022-02-13T23:14:12.189Z - info: Using free license
2022-02-13T23:14:12.194Z - info: Initializing worker threads
2022-02-13T23:14:12.392Z - info: 2 worker threads initialized in 198ms
2022-02-13T23:14:12.393Z - info: Starting temp files cleanup with 180000ms threshold
2022-02-13T23:14:12.394Z - info: reporter initialized
2022-02-14T00:22:15.247Z - info: Starting rendering request 1 (user: null) rootId=y02w3lx3y0luzck, id=y02w3lx3y0luzck
2022-02-14T00:22:15.249Z - info: Rendering template { name: invoice-main, recipe: chrome-pdf, engine: handlebars, preview: true } rootId=y02w3lx3y0luzck, id=y02w3lx3y0luzck
2022-02-14T00:22:19.228Z - info: pdf-utils is starting pdf processing rootId=y02w3lx3y0luzck, id=y02w3lx3y0luzck
2022-02-14T00:22:19.230Z - info: pdf-utils pdf processing was finished rootId=y02w3lx3y0luzck, id=y02w3lx3y0luzck
2022-02-14T00:22:19.231Z - info: Rendering request 1 finished in 3994 ms rootId=y02w3lx3y0luzck, id=y02w3lx3y0luzck
